<?xml version="1.0" encoding="UTF-8"?>
<!-- Generated by org.testng.reporters.JUnitReportReporter -->
<testsuite hostname="MAVPUN1121205" failures="0" tests="1" name="session42_HandleCookies.Cookiesxample" time="9.093" errors="0" timestamp="2024-07-07T13:55:28 IST" skipped="0">
  <testcase classname="session42_HandleCookies.Cookiesxample" name="cookieDemo" time="9.093"/>
  <system-out/>
</testsuite> <!-- session42_HandleCookies.Cookiesxample -->
