<?xml version="1.0" encoding="UTF-8"?>
<!-- Generated by org.testng.reporters.JUnitReportReporter -->
<testsuite hostname="MAVPUN1121205" failures="0" tests="6" name="session28_EnableAndDisable_TestCases.EnableAndDisable_TestCases" time="0.008" errors="0" timestamp="2024-05-22T12:56:34 IST" skipped="2">
  <testcase classname="session28_EnableAndDisable_TestCases.EnableAndDisable_TestCases" name="APILogin" time="0.005"/>
  <system-out/>
  <testcase classname="session28_EnableAndDisable_TestCases.EnableAndDisable_TestCases" name="APILoginAutomationLoan" time="0.001"/>
  <system-out/>
  <testcase classname="session28_EnableAndDisable_TestCases.EnableAndDisable_TestCases" name="MobileLoginAutomationLoan" time="0.001"/>
  <system-out/>
  <testcase classname="session28_EnableAndDisable_TestCases.EnableAndDisable_TestCases" name="MobileLogin" time="0.001"/>
  <system-out/>
  <testcase classname="session28_EnableAndDisable_TestCases.EnableAndDisable_TestCases" name="WebLogin">
    <skipped/>
  </testcase> <!-- WebLogin -->
  <system-out/>
  <testcase classname="session28_EnableAndDisable_TestCases.EnableAndDisable_TestCases" name="WebLoginAutomationLoan">
    <skipped/>
  </testcase> <!-- WebLoginAutomationLoan -->
  <system-out/>
</testsuite> <!-- session28_EnableAndDisable_TestCases.EnableAndDisable_TestCases -->
