<?xml version="1.0" encoding="UTF-8"?>
<!-- Generated by org.testng.reporters.JUnitReportReporter -->
<testsuite hostname="MAVPUN1121205" failures="0" tests="1" name="session47_ChromeHeadlessBrowserTesting.HeadlessBrowserDemo" time="9.541" errors="0" timestamp="2024-05-26T18:46:18 IST" skipped="0">
  <testcase classname="session47_ChromeHeadlessBrowserTesting.HeadlessBrowserDemo" name="headlessTesting" time="9.541"/>
  <system-out/>
</testsuite> <!-- session47_ChromeHeadlessBrowserTesting.HeadlessBrowserDemo -->
