<?xml version="1.0" encoding="UTF-8"?>
<!-- Generated by org.testng.reporters.JUnitReportReporter -->
<testsuite hostname="MAVPUN1121205" failures="0" tests="2" name="session36_BatchTesting.PaymentTest" time="0.002" errors="0" timestamp="2024-05-27T11:34:30 IST" skipped="0">
  <testcase classname="session36_BatchTesting.PaymentTest" name="CashOnDelivery" time="0.001"/>
  <system-out/>
  <testcase classname="session36_BatchTesting.PaymentTest" name="NetBanking" time="0.001"/>
  <system-out/>
</testsuite> <!-- session36_BatchTesting.PaymentTest -->
