<?xml version="1.0" encoding="UTF-8"?>
<!-- Generated by org.testng.reporters.JUnitReportReporter -->
<testsuite hostname="MAVPUN1121205" failures="0" tests="3" name="session30_TestAnnotationsAttributes.AnnotationAttribution" time="0.408" errors="0" timestamp="2024-05-23T12:43:17 IST" skipped="1">
  <testcase classname="session30_TestAnnotationsAttributes.AnnotationAttribution" name="TestCase1" time="0.004"/>
  <system-out/>
  <testcase classname="session30_TestAnnotationsAttributes.AnnotationAttribution" name="TestCase2" time="0.404"/>
  <system-out/>
  <testcase classname="session30_TestAnnotationsAttributes.AnnotationAttribution" name="TestCase3">
    <skipped/>
  </testcase> <!-- TestCase3 -->
  <system-out/>
</testsuite> <!-- session30_TestAnnotationsAttributes.AnnotationAttribution -->
