<?xml version="1.0" encoding="UTF-8"?>
<!-- Generated by org.testng.reporters.JUnitReportReporter -->
<testsuite hostname="MAVPUN1121205" failures="0" tests="3" name="session31_TestNGParameterDemo.TestNGParametersDemo" time="0.007" errors="0" timestamp="2024-05-23T13:12:57 IST" skipped="0">
  <testcase classname="session31_TestNGParameterDemo.TestNGParametersDemo" name="substraction" time="0.001"/>
  <system-out/>
  <testcase classname="session31_TestNGParameterDemo.TestNGParametersDemo" name="add" time="0.005"/>
  <system-out/>
  <testcase classname="session31_TestNGParameterDemo.TestNGParametersDemo" name="multiplication" time="0.001"/>
  <system-out/>
</testsuite> <!-- session31_TestNGParameterDemo.TestNGParametersDemo -->
