<?xml version="1.0" encoding="UTF-8"?>
<!-- Generated by org.testng.reporters.JUnitReportReporter -->
<testsuite hostname="LTCH-B3J24253GP" failures="0" tests="1" name="session35_Assertion.HardAsserionDemo" time="9.837" errors="0" timestamp="2024-10-09T09:58:18 IST" skipped="0">
  <testcase classname="session35_Assertion.HardAsserionDemo" name="testMethod" time="9.837"/>
  <system-out/>
</testsuite> <!-- session35_Assertion.HardAsserionDemo -->
