<?xml version="1.0" encoding="UTF-8"?>
<!-- Generated by org.testng.reporters.JUnitReportReporter -->
<testsuite hostname="MAVPUN1121205" failures="0" tests="2" name="session46_DataProviderWithExcel.DataProviderWithExcel" time="13.821" errors="0" timestamp="2024-05-26T18:26:15 IST" skipped="0">
  <testcase classname="session46_DataProviderWithExcel.DataProviderWithExcel" name="searchKeyWord" time="6.110"/>
  <system-out/>
  <testcase classname="session46_DataProviderWithExcel.DataProviderWithExcel" name="searchKeyWord" time="7.711"/>
  <system-out/>
</testsuite> <!-- session46_DataProviderWithExcel.DataProviderWithExcel -->
