<?xml version="1.0" encoding="UTF-8"?>
<!-- Generated by org.testng.reporters.JUnitReportReporter -->
<testsuite hostname="LTCH-B3J24253GP" failures="0" tests="1" name="java_programs.practice.TestClass" time="0.017" errors="0" timestamp="2024-12-09T08:36:59 IST" skipped="0">
  <testcase classname="java_programs.practice.TestClass" name="test" time="0.017"/>
  <system-out/>
</testsuite> <!-- java_programs.practice.TestClass -->
