<?xml version="1.0" encoding="UTF-8"?>
<!-- Generated by org.testng.reporters.JUnitReportReporter -->
<testsuite hostname="MAVPUN1121205" failures="0" tests="8" name="session37_Invocation.InvocationDemo" time="0.015" errors="0" timestamp="2024-05-25T14:50:13 IST" skipped="0">
  <testcase classname="session37_Invocation.InvocationDemo" name="demo2" time="0.001"/>
  <system-out/>
  <testcase classname="session37_Invocation.InvocationDemo" name="demo" time="0.007"/>
  <system-out/>
  <testcase classname="session37_Invocation.InvocationDemo" name="demo" time="0.001"/>
  <system-out/>
  <testcase classname="session37_Invocation.InvocationDemo" name="demo" time="0.001"/>
  <system-out/>
  <testcase classname="session37_Invocation.InvocationDemo" name="demo" time="0.001"/>
  <system-out/>
  <testcase classname="session37_Invocation.InvocationDemo" name="demo" time="0.001"/>
  <system-out/>
  <testcase classname="session37_Invocation.InvocationDemo" name="demo2" time="0.002"/>
  <system-out/>
  <testcase classname="session37_Invocation.InvocationDemo" name="demo2" time="0.001"/>
  <system-out/>
</testsuite> <!-- session37_Invocation.InvocationDemo -->
