<?xml version="1.0" encoding="UTF-8"?>
<!-- Generated by org.testng.reporters.JUnitReportReporter -->
<testsuite hostname="MAVPUN1121205" failures="0" tests="3" name="session32_TestNGProvider.DataProviderDemo" time="30.861" errors="0" timestamp="2024-05-23T21:29:57 IST" skipped="0">
  <testcase classname="session32_TestNGProvider.DataProviderDemo" name="TestCaseGoogleSearch" time="6.727"/>
  <system-out/>
  <testcase classname="session32_TestNGProvider.DataProviderDemo" name="TestCaseGoogleSearch" time="11.550"/>
  <system-out/>
  <testcase classname="session32_TestNGProvider.DataProviderDemo" name="TestCaseGoogleSearch" time="12.584"/>
  <system-out/>
</testsuite> <!-- session32_TestNGProvider.DataProviderDemo -->
