<?xml version="1.0" encoding="UTF-8"?>
<!-- Generated by org.testng.reporters.JUnitReportReporter -->
<testsuite hostname="MAVPUN1121205" failures="0" tests="3" name="session36_BatchTesting.HomeScreenTest" time="0.002" errors="0" timestamp="2024-05-27T11:34:30 IST" skipped="0">
  <testcase classname="session36_BatchTesting.HomeScreenTest" name="LaunchApplication" time="0.001"/>
  <system-out/>
  <testcase classname="session36_BatchTesting.HomeScreenTest" name="VerifyTitle" time="0.001"/>
  <system-out/>
  <testcase classname="session36_BatchTesting.HomeScreenTest" name="Verifylogo" time="0.000"/>
  <system-out/>
</testsuite> <!-- session36_BatchTesting.HomeScreenTest -->
