<?xml version="1.0" encoding="UTF-8"?>
<!-- Generated by org.testng.reporters.JUnitReportReporter -->
<testsuite hostname="MAVPUN1121205" failures="0" tests="1" name="session39_PageFactory.PageFactory" time="7.759" errors="0" timestamp="2024-05-25T16:30:24 IST" skipped="0">
  <testcase classname="session39_PageFactory.PageFactory" name="sauceDemo" time="7.759"/>
  <system-out/>
</testsuite> <!-- session39_PageFactory.PageFactory -->
