<?xml version="1.0" encoding="UTF-8"?>
<!-- Generated by org.testng.reporters.JUnitReportReporter -->
<testsuite hostname="MAVPUN1121205" failures="0" tests="1" name="session35_Assertion.SoftAsserionDemo2" time="10.580" errors="0" timestamp="2024-05-25T14:41:04 IST" skipped="0">
  <testcase classname="session35_Assertion.SoftAsserionDemo2" name="testMethod" time="10.580"/>
  <system-out/>
</testsuite> <!-- session35_Assertion.SoftAsserionDemo2 -->
