<?xml version="1.0" encoding="UTF-8"?>
<!-- Generated by org.testng.reporters.JUnitReportReporter -->
<testsuite hostname="LTCH-B3J24253GP" failures="0" tests="2" name="session29_TestNGAnnotations.TestCase1" time="0.017" errors="0" timestamp="2024-12-07T11:40:21 IST" skipped="0">
  <testcase classname="session29_TestNGAnnotations.TestCase1" name="test2" time="0.005"/>
  <system-out/>
  <testcase classname="session29_TestNGAnnotations.TestCase1" name="test1" time="0.012"/>
  <system-out/>
</testsuite> <!-- session29_TestNGAnnotations.TestCase1 -->
