<?xml version="1.0" encoding="UTF-8"?>
<!-- Generated by org.testng.reporters.JUnitReportReporter -->
<testsuite hostname="MAVPUN1121205" failures="0" tests="1" name="session35_Assertion.AsserionDemo" time="13.250" errors="0" timestamp="2024-05-25T14:31:05 IST" skipped="0">
  <testcase classname="session35_Assertion.AsserionDemo" name="testMethod" time="13.250"/>
  <system-out/>
</testsuite> <!-- session35_Assertion.AsserionDemo -->
