<?xml version="1.0" encoding="UTF-8"?>
<!-- Generated by org.testng.reporters.JUnitReportReporter -->
<testsuite hostname="MAVPUN1121205" failures="0" tests="1" name="session44_Chaining.ExecutionInOneLine" time="18.848" errors="0" timestamp="2024-05-26T15:38:30 IST" skipped="0">
  <testcase classname="session44_Chaining.ExecutionInOneLine" name="TC01" time="18.848"/>
  <system-out/>
</testsuite> <!-- session44_Chaining.ExecutionInOneLine -->
