<?xml version="1.0" encoding="UTF-8"?>
<!-- Generated by org.testng.reporters.JUnitReportReporter -->
<testsuite hostname="MAVPUN1121205" failures="0" tests="1" name="session31_TestNGParameterDemo.Automobile" time="0.005" errors="0" timestamp="2024-05-23T13:21:15 IST" skipped="0">
  <testcase classname="session31_TestNGParameterDemo.Automobile" name="testCase1" time="0.005"/>
  <system-out/>
</testsuite> <!-- session31_TestNGParameterDemo.Automobile -->
