<?xml version="1.0" encoding="UTF-8"?>
<!-- Generated by org.testng.reporters.JUnitReportReporter -->
<testsuite hostname="MAVPUN1121205" failures="0" tests="1" name="session33_parallelTestingDemo.GoogleSearch" time="19.138" errors="0" timestamp="2024-05-27T11:26:35 IST" skipped="0">
  <testcase classname="session33_parallelTestingDemo.GoogleSearch" name="verifyTitleDemo" time="19.138"/>
  <system-out/>
</testsuite> <!-- session33_parallelTestingDemo.GoogleSearch -->
