<?xml version="1.0" encoding="UTF-8"?>
<!-- Generated by org.testng.reporters.JUnitReportReporter -->
<testsuite hostname="MAVPUN1121205" failures="0" tests="2" name="session35_BatchTesting.PaymentTest" time="0.006" errors="0" timestamp="2024-05-25T14:14:43 IST" skipped="0">
  <testcase classname="session35_BatchTesting.PaymentTest" name="CashOnDelivery" time="0.005"/>
  <system-out/>
  <testcase classname="session35_BatchTesting.PaymentTest" name="NetBanking" time="0.001"/>
  <system-out/>
</testsuite> <!-- session35_BatchTesting.PaymentTest -->
