<?xml version="1.0" encoding="UTF-8"?>
<!-- Generated by org.testng.reporters.JUnitReportReporter -->
<testsuite hostname="MAVPUN1121205" failures="0" tests="3" name="session35_BatchTesting.ProductPageTest" time="0.002" errors="0" timestamp="2024-05-25T14:14:43 IST" skipped="0">
  <testcase classname="session35_BatchTesting.ProductPageTest" name="AddProductToCart" time="0.001"/>
  <system-out/>
  <testcase classname="session35_BatchTesting.ProductPageTest" name="selectQuantity" time="0.001"/>
  <system-out/>
  <testcase classname="session35_BatchTesting.ProductPageTest" name="AddProductToWishList" time="0.000"/>
  <system-out/>
</testsuite> <!-- session35_BatchTesting.ProductPageTest -->
