<?xml version="1.0" encoding="UTF-8"?>
<!-- Generated by org.testng.reporters.JUnitReportReporter -->
<testsuite hostname="MAVPUN1121205" failures="0" tests="1" name="session48_TestNGReports.TestNGReports" time="17.132" errors="0" timestamp="2024-05-26T20:23:27 IST" skipped="0">
  <testcase classname="session48_TestNGReports.TestNGReports" name="TC" time="17.132"/>
  <system-out>
Browser opened... URL opened.... username entered.... password entered.... submit button entered.... And finally successful login....  </system-out>
</testsuite> <!-- session48_TestNGReports.TestNGReports -->
