<?xml version="1.0" encoding="UTF-8"?>
<!-- Generated by org.testng.reporters.JUnitReportReporter -->
<testsuite hostname="LTCH-B3J24253GP" failures="0" tests="2" name="practice_selenium.setClass" time="31.826" errors="0" timestamp="2024-10-26T15:47:11 IST" skipped="0">
  <testcase classname="practice_selenium.setClass" name="mainTest" time="15.433"/>
  <system-out/>
  <testcase classname="practice_selenium.setClass" name="mainTest" time="16.393"/>
  <system-out/>
</testsuite> <!-- practice_selenium.setClass -->
