<?xml version="1.0" encoding="UTF-8"?>
<!-- Generated by org.testng.reporters.JUnitReportReporter -->
<testsuite hostname="MAVPUN1121205" failures="0" tests="2" name="session31_TestNGParameterDemo.TestNGParametersGoogleSearch" time="13.785" errors="0" timestamp="2024-05-23T13:47:28 IST" skipped="0">
  <testcase classname="session31_TestNGParameterDemo.TestNGParametersGoogleSearch" name="googleSearch" time="6.294"/>
  <system-out/>
  <testcase classname="session31_TestNGParameterDemo.TestNGParametersGoogleSearch" name="googleSearch" time="7.491"/>
  <system-out/>
</testsuite> <!-- session31_TestNGParameterDemo.TestNGParametersGoogleSearch -->
