<?xml version="1.0" encoding="UTF-8"?>
<!-- Generated by org.testng.reporters.JUnitReportReporter -->
<testsuite hostname="LTCH-B3J24253GP" failures="0" tests="2" name="session29_TestNGAnnotations.TestCase2" time="0.004" errors="0" timestamp="2024-12-07T11:40:21 IST" skipped="0">
  <testcase classname="session29_TestNGAnnotations.TestCase2" name="test4" time="0.002"/>
  <system-out/>
  <testcase classname="session29_TestNGAnnotations.TestCase2" name="test3" time="0.002"/>
  <system-out/>
</testsuite> <!-- session29_TestNGAnnotations.TestCase2 -->
