<?xml version="1.0" encoding="UTF-8"?>
<!-- Generated by org.testng.reporters.JUnitReportReporter -->
<testsuite hostname="MAVPUN1121205" failures="0" tests="1" name="session52_ReadFromPropertyFile.ReadFromPropertyFile" time="15.809" errors="0" timestamp="2024-05-26T20:17:41 IST" skipped="0">
  <testcase classname="session52_ReadFromPropertyFile.ReadFromPropertyFile" name="TC" time="15.809"/>
  <system-out>
Browser opened... URL opened.... Succeful login....  </system-out>
</testsuite> <!-- session52_ReadFromPropertyFile.ReadFromPropertyFile -->
