<?xml version="1.0" encoding="UTF-8"?>
<!-- Generated by org.testng.reporters.JUnitReportReporter -->
<testsuite hostname="MAVPUN1121205" failures="0" tests="1" name="session33_parallelTestingDemo.SauceDemo" time="19.161" errors="0" timestamp="2024-05-27T11:26:35 IST" skipped="0">
  <testcase classname="session33_parallelTestingDemo.SauceDemo" name="sauceDemo" time="19.161"/>
  <system-out/>
</testsuite> <!-- session33_parallelTestingDemo.SauceDemo -->
