<?xml version="1.0" encoding="UTF-8"?>
<!-- Generated by org.testng.reporters.JUnitReportReporter -->
<testsuite hostname="MAVPUN1121205" failures="0" tests="2" name="session30_TestAnnotationsAttributes.TestCasesGrouping" time="0.006" errors="0" timestamp="2024-05-23T12:55:57 IST" skipped="0">
  <testcase classname="session30_TestAnnotationsAttributes.TestCasesGrouping" name="glenMark" time="0.001"/>
  <system-out/>
  <testcase classname="session30_TestAnnotationsAttributes.TestCasesGrouping" name="cipla" time="0.005"/>
  <system-out/>
</testsuite> <!-- session30_TestAnnotationsAttributes.TestCasesGrouping -->
