<?xml version="1.0" encoding="UTF-8"?>
<!-- Generated by org.testng.reporters.JUnitReportReporter -->
<testsuite hostname="LTCH-B3J24253GP" failures="0" tests="1" name="day3.CookiesDemo" time="2.248" errors="0" timestamp="2024-11-06T11:39:34 IST" skipped="0">
  <testcase classname="day3.CookiesDemo" name="getCookiesInfo" time="2.248"/>
  <system-out/>
</testsuite> <!-- day3.CookiesDemo -->
