<?xml version="1.0" encoding="UTF-8"?>
<!-- Generated by org.testng.reporters.JUnitReportReporter -->
<testsuite hostname="LTCH-B3J24253GP" failures="0" tests="1" name="day1.HTTPRequests" time="3.743" errors="0" timestamp="2024-10-09T13:08:30 IST" skipped="0">
  <testcase classname="day1.HTTPRequests" name="getUsers" time="3.743"/>
  <system-out/>
</testsuite> <!-- day1.HTTPRequests -->
