<?xml version="1.0" encoding="UTF-8"?>
<!-- Generated by org.testng.reporters.JUnitReportReporter -->
<testsuite hostname="MAVPUN1121205" failures="0" tests="1" name="stringCodes.statiCdeo2" time="1.177" errors="0" timestamp="2024-08-22T20:56:36 IST" skipped="0">
  <testcase classname="stringCodes.statiCdeo2" name="testAPI" time="1.177"/>
  <system-out/>
</testsuite> <!-- stringCodes.statiCdeo2 -->
