<?xml version="1.0" encoding="UTF-8"?>
<!-- Generated by org.testng.reporters.JUnitReportReporter -->
<testsuite hostname="LTCH-B3J24253GP" failures="0" tests="1" name="day3.HeaderDemo2" time="2.303" errors="0" timestamp="2024-11-06T11:38:37 IST" skipped="0">
  <testcase classname="day3.HeaderDemo2" name="headers" time="2.303"/>
  <system-out/>
</testsuite> <!-- day3.HeaderDemo2 -->
