<?xml version="1.0" encoding="UTF-8"?>
<!-- Generated by org.testng.reporters.JUnitReportReporter -->
<testsuite hostname="LTCH-B3J24253GP" failures="0" tests="1" name="day7.Authentication" time="3.596" errors="0" timestamp="2024-10-18T09:32:11 IST" skipped="0">
  <testcase classname="day7.Authentication" name="testOAuth2Authentication" time="3.596"/>
  <system-out/>
</testsuite> <!-- day7.Authentication -->
