<?xml version="1.0" encoding="UTF-8"?>
<!-- Generated by org.testng.reporters.JUnitReportReporter -->
<testsuite hostname="LTCH-B3J24253GP" failures="0" tests="1" name="parsing.PracticeHexaware" time="2.071" errors="0" timestamp="2024-12-06T11:52:51 IST" skipped="0">
  <testcase classname="parsing.PracticeHexaware" name="test" time="2.071"/>
  <system-out/>
</testsuite> <!-- parsing.PracticeHexaware -->
