<?xml version="1.0" encoding="UTF-8"?>
<!-- Generated by org.testng.reporters.JUnitReportReporter -->
<testsuite hostname="LTCH-B3J24253GP" failures="0" tests="1" name="sessionPart2.session10to19.Session13_RetrieveANDquery" time="1.966" errors="0" timestamp="2024-10-10T11:35:24 IST" skipped="0">
  <testcase classname="sessionPart2.session10to19.Session13_RetrieveANDquery" name="RetrieveANDquery" time="1.966"/>
  <system-out/>
</testsuite> <!-- sessionPart2.session10to19.Session13_RetrieveANDquery -->
