<?xml version="1.0" encoding="UTF-8"?>
<!-- Generated by org.testng.reporters.JUnitReportReporter -->
<testsuite hostname="MAVPUN1121205" failures="0" tests="1" name="sessionPart3.session20to29.Session26_IgnoreUnknownPropertiesDuringDeserialization" time="0.188" errors="0" timestamp="2024-08-04T16:19:24 IST" skipped="0">
  <testcase classname="sessionPart3.session20to29.Session26_IgnoreUnknownPropertiesDuringDeserialization" name="createUser" time="0.188"/>
  <system-out/>
</testsuite> <!-- sessionPart3.session20to29.Session26_IgnoreUnknownPropertiesDuringDeserialization -->
