<?xml version="1.0" encoding="UTF-8"?>
<!-- Generated by org.testng.reporters.JUnitReportReporter -->
<testsuite hostname="LTCH-B3J24253GP" failures="0" tests="1" name="sessionPart1.session1to9.Session6_ValidateJSONResponseBody" time="3.863" errors="0" timestamp="2024-10-13T09:46:48 IST" skipped="0">
  <testcase classname="sessionPart1.session1to9.Session6_ValidateJSONResponseBody" name="test02" time="3.863"/>
  <system-out/>
</testsuite> <!-- sessionPart1.session1to9.Session6_ValidateJSONResponseBody -->
