<?xml version="1.0" encoding="UTF-8"?>
<!-- Generated by org.testng.reporters.JUnitReportReporter -->
<testsuite hostname="LTCH-B3J24253GP" failures="0" tests="1" name="parsing.Parsing3" time="1.037" errors="0" timestamp="2024-12-06T10:40:54 IST" skipped="0">
  <testcase classname="parsing.Parsing3" name="parsing" time="1.037"/>
  <system-out/>
</testsuite> <!-- parsing.Parsing3 -->
