<?xml version="1.0" encoding="UTF-8"?>
<!-- Generated by org.testng.reporters.JUnitReportReporter -->
<testsuite hostname="MAVPUN1121205" failures="0" tests="1" name="sessionPart3.session20to29.Session27_JSONResponseToPOJO" time="2.174" errors="0" timestamp="2024-08-06T18:55:05 IST" skipped="0">
  <testcase classname="sessionPart3.session20to29.Session27_JSONResponseToPOJO" name="createUser" time="2.174"/>
  <system-out/>
</testsuite> <!-- sessionPart3.session20to29.Session27_JSONResponseToPOJO -->
