<?xml version="1.0" encoding="UTF-8"?>
<!-- Generated by org.testng.reporters.JUnitReportReporter -->
<testsuite hostname="LTCH-B3J24253GP" failures="0" tests="1" name="parsing.parsingDataTesting" time="1.703" errors="0" timestamp="2024-11-05T18:50:11 IST" skipped="0">
  <testcase classname="parsing.parsingDataTesting" name="bodyTesting2" time="1.703"/>
  <system-out/>
</testsuite> <!-- parsing.parsingDataTesting -->
