<?xml version="1.0" encoding="UTF-8"?>
<!-- Generated by org.testng.reporters.JUnitReportReporter -->
<testsuite hostname="MAVPUN1121205" failures="0" tests="4" name="api.test.UserTest" time="6.579" errors="0" timestamp="2024-04-18T17:23:49 IST" skipped="0">
  <testcase classname="api.test.UserTest" name="testPostUser" time="2.333"/>
  <system-out/>
  <testcase classname="api.test.UserTest" name="testGetUser" time="1.104"/>
  <system-out/>
  <testcase classname="api.test.UserTest" name="testUpdateUser" time="2.122"/>
  <system-out/>
  <testcase classname="api.test.UserTest" name="testDeleteUser" time="1.020"/>
  <system-out/>
</testsuite> <!-- api.test.UserTest -->
