<?xml version="1.0" encoding="UTF-8"?>
<!-- Generated by org.testng.reporters.JUnitReportReporter -->
<testsuite hostname="LTCH-B3J24253GP" failures="0" tests="1" name="sessionPart3.session20to29.Session22_DemoNestedPayload" time="0.322" errors="0" timestamp="2024-12-07T20:44:38 IST" skipped="0">
  <testcase classname="sessionPart3.session20to29.Session22_DemoNestedPayload" name="createUser" time="0.322"/>
  <system-out/>
</testsuite> <!-- sessionPart3.session20to29.Session22_DemoNestedPayload -->
