<?xml version="1.0" encoding="UTF-8"?>
<!-- Generated by org.testng.reporters.JUnitReportReporter -->
<testsuite hostname="LTCH-B3J24253GP" failures="0" tests="1" name="hexaware_practice.Basic" time="0.343" errors="0" timestamp="2024-11-05T21:17:08 IST" skipped="0">
  <testcase classname="hexaware_practice.Basic" name="test" time="0.343"/>
  <system-out/>
</testsuite> <!-- hexaware_practice.Basic -->
