<?xml version="1.0" encoding="UTF-8"?>
<!-- Generated by org.testng.reporters.JUnitReportReporter -->
<testsuite hostname="LTCH-B3J24253GP" failures="0" tests="1" name="sessionPart1.session1to9.Session5_ValidateHTTPresponseHeaders" time="3.977" errors="0" timestamp="2024-10-13T09:45:12 IST" skipped="0">
  <testcase classname="sessionPart1.session1to9.Session5_ValidateHTTPresponseHeaders" name="test01" time="3.977"/>
  <system-out/>
</testsuite> <!-- sessionPart1.session1to9.Session5_ValidateHTTPresponseHeaders -->
