<?xml version="1.0" encoding="UTF-8"?>
<!-- Generated by org.testng.reporters.JUnitReportReporter -->
<testsuite hostname="LTCH-B3J24253GP" failures="0" tests="4" name="sessionPart1.session1to9.Session3_HTTPrequests" time="3.507" errors="0" timestamp="2024-11-21T20:04:32 IST" skipped="0">
  <testcase classname="sessionPart1.session1to9.Session3_HTTPrequests" name="postMethod" time="2.327"/>
  <system-out/>
  <testcase classname="sessionPart1.session1to9.Session3_HTTPrequests" name="putMethod" time="0.440"/>
  <system-out/>
  <testcase classname="sessionPart1.session1to9.Session3_HTTPrequests" name="patchMethod" time="0.371"/>
  <system-out/>
  <testcase classname="sessionPart1.session1to9.Session3_HTTPrequests" name="deleteMethod" time="0.369"/>
  <system-out/>
</testsuite> <!-- sessionPart1.session1to9.Session3_HTTPrequests -->
