<?xml version="1.0" encoding="UTF-8"?>
<!-- Generated by org.testng.reporters.JUnitReportReporter -->
<testsuite hostname="LTCH-B3J24253GP" failures="0" tests="1" name="sessionPart3.session20to29.Session24_IgnoreEmptyNullandDefaultValuesInPayload2" time="0.429" errors="0" timestamp="2024-11-21T21:40:38 IST" skipped="0">
  <testcase classname="sessionPart3.session20to29.Session24_IgnoreEmptyNullandDefaultValuesInPayload2" name="createUser" time="0.429"/>
  <system-out/>
</testsuite> <!-- sessionPart3.session20to29.Session24_IgnoreEmptyNullandDefaultValuesInPayload2 -->
