<?xml version="1.0" encoding="UTF-8"?>
<!-- Generated by org.testng.reporters.JUnitReportReporter -->
<testsuite hostname="LTCH-B3J24253GP" failures="0" tests="1" name="hexaware_practice.Project_Interview" time="2.572" errors="0" timestamp="2024-11-06T10:07:23 IST" skipped="0">
  <testcase classname="hexaware_practice.Project_Interview" name="restValidation" time="2.572"/>
  <system-out/>
</testsuite> <!-- hexaware_practice.Project_Interview -->
