<?xml version="1.0" encoding="UTF-8"?>
<!-- Generated by org.testng.reporters.JUnitReportReporter -->
<testsuite hostname="LTCH-B3J24253GP" failures="0" tests="1" name="sessionPart3.session20to29.Session23_ComplexDemoNestedPayload" time="0.344" errors="0" timestamp="2024-11-05T21:16:19 IST" skipped="0">
  <testcase classname="sessionPart3.session20to29.Session23_ComplexDemoNestedPayload" name="createUser" time="0.344"/>
  <system-out/>
</testsuite> <!-- sessionPart3.session20to29.Session23_ComplexDemoNestedPayload -->
