<?xml version="1.0" encoding="UTF-8"?>
<!-- Generated by org.testng.reporters.JUnitReportReporter -->
<testsuite hostname="LTCH-B3J24253GP" failures="0" tests="1" name="parsing.Parsing5" time="0.014" errors="0" timestamp="2024-12-07T13:00:32 IST" skipped="0">
  <testcase classname="parsing.Parsing5" name="test" time="0.014"/>
  <system-out/>
</testsuite> <!-- parsing.Parsing5 -->
