<?xml version="1.0" encoding="UTF-8"?>
<!-- Generated by org.testng.reporters.JUnitReportReporter -->
<testsuite hostname="LTCH-B3J24253GP" failures="0" tests="1" name="sessionPart1.session1to9.Session2_IntroOfRestAssured" time="3.957" errors="0" timestamp="2024-10-13T09:44:19 IST" skipped="0">
  <testcase classname="sessionPart1.session1to9.Session2_IntroOfRestAssured" name="getRequest" time="3.957"/>
  <system-out/>
</testsuite> <!-- sessionPart1.session1to9.Session2_IntroOfRestAssured -->
