<?xml version="1.0" encoding="UTF-8"?>
<!-- Generated by org.testng.reporters.JUnitReportReporter -->
<testsuite hostname="LTCH-B3J24253GP" failures="0" tests="1" name="sessionPart3.session20to29.Session29_ResponseSpecificationAndResponseSpecBuilder" time="1.803" errors="0" timestamp="2024-10-14T15:18:09 IST" skipped="0">
  <testcase classname="sessionPart3.session20to29.Session29_ResponseSpecificationAndResponseSpecBuilder" name="createUser" time="1.803"/>
  <system-out/>
</testsuite> <!-- sessionPart3.session20to29.Session29_ResponseSpecificationAndResponseSpecBuilder -->
