<?xml version="1.0" encoding="UTF-8"?>
<!-- Generated by org.testng.reporters.JUnitReportReporter -->
<testsuite hostname="LTCH-B3J24253GP" failures="0" tests="1" name="sessionPart3.session20to29.Session28_AddHeaders" time="1.979" errors="0" timestamp="2024-10-14T15:12:36 IST" skipped="0">
  <testcase classname="sessionPart3.session20to29.Session28_AddHeaders" name="createUser" time="1.979"/>
  <system-out/>
</testsuite> <!-- sessionPart3.session20to29.Session28_AddHeaders -->
