<?xml version="1.0" encoding="UTF-8"?>
<!-- Generated by org.testng.reporters.JUnitReportReporter -->
<testsuite hostname="MAVPUN1121205" failures="0" tests="4" name="api.test.UserTest2" time="6.308" errors="0" timestamp="2024-04-18T17:41:13 IST" skipped="0">
  <testcase classname="api.test.UserTest2" name="testPostUser" time="2.040"/>
  <system-out/>
  <testcase classname="api.test.UserTest2" name="testGetUser" time="1.072"/>
  <system-out/>
  <testcase classname="api.test.UserTest2" name="testUpdateUser" time="2.129"/>
  <system-out/>
  <testcase classname="api.test.UserTest2" name="testDeleteUser" time="1.067"/>
  <system-out/>
</testsuite> <!-- api.test.UserTest2 -->
