<?xml version="1.0" encoding="UTF-8"?>
<!-- Generated by org.testng.reporters.JUnitReportReporter -->
<testsuite hostname="MAVPUN1121205" failures="0" tests="4" name="api.test.UserTest" time="6.897" errors="0" timestamp="2024-04-28T10:32:38 IST" skipped="0">
  <testcase classname="api.test.UserTest" name="testPostUser" time="2.417"/>
  <system-out/>
  <testcase classname="api.test.UserTest" name="testGetUser" time="1.149"/>
  <system-out/>
  <testcase classname="api.test.UserTest" name="testUpdateUser" time="2.235"/>
  <system-out/>
  <testcase classname="api.test.UserTest" name="testDeleteUser" time="1.096"/>
  <system-out/>
</testsuite> <!-- api.test.UserTest -->
